<?xml version="1.0" encoding="UTF-8"?>
<!-- Generated by org.testng.reporters.JUnitReportReporter -->
<testsuite hostname="rajkumar-pc" name="academy.FinanceEmployer" tests="6" failures="0" timestamp="20 Apr 2018 14:12:07 GMT" time="20.534" errors="0">
  <testcase name="linksCount" time="0.179" classname="academy.FinanceEmployer"/>
  <testcase name="ValidateFinancelink" time="5.046" classname="academy.FinanceEmployer"/>
  <testcase name="validatelvdcweb2Login" time="6.956" classname="academy.FinanceEmployer"/>
  <testcase name="applyContributionsources" time="3.160" classname="academy.FinanceEmployer"/>
  <testcase name="selectEmployerdropdown" time="5.192" classname="academy.FinanceEmployer"/>
  <testcase name="addContributionsources" time="0.001" classname="academy.FinanceEmployer"/>
</testsuite> <!-- academy.FinanceEmployer -->
