<?xml version="1.0" encoding="UTF-8"?>
<!-- Generated by org.testng.reporters.JUnitReportReporter -->
<testsuite hostname="rajkumar-pc" name="academy.ValidateNaviBar" tests="1" failures="0" timestamp="12 Apr 2018 09:21:26 GMT" time="12.318" errors="0">
  <testcase name="validatenavibar" time="12.318" classname="academy.ValidateNaviBar"/>
</testsuite> <!-- academy.ValidateNaviBar -->
