<?xml version="1.0" encoding="UTF-8"?>
<!-- Generated by org.testng.reporters.JUnitReportReporter -->
<testsuite hostname="rajkumar-pc" name="academy.Dropdownconcept" tests="5" failures="0" timestamp="18 Apr 2018 12:00:59 GMT" time="25.125" errors="0">
  <testcase name="selectEmployerdropdown" time="5.172" classname="academy.Dropdownconcept"/>
  <testcase name="validatelvdcweb2Login" time="9.843" classname="academy.Dropdownconcept"/>
  <testcase name="addContributionsources" time="0.000" classname="academy.Dropdownconcept"/>
  <testcase name="ValidateFinancelink" time="6.972" classname="academy.Dropdownconcept"/>
  <testcase name="applyContributionsources" time="3.138" classname="academy.Dropdownconcept"/>
</testsuite> <!-- academy.Dropdownconcept -->
