<?xml version="1.0" encoding="UTF-8"?>
<!-- Generated by org.testng.reporters.JUnitReportReporter -->
<testsuite hostname="rajkumar-pc" name="academy.NaviBarValidation" tests="1" failures="0" timestamp="16 Apr 2018 06:05:31 GMT" time="0.034" errors="0">
  <testcase name="validatecontactbar" time="0.034" classname="academy.NaviBarValidation"/>
</testsuite> <!-- academy.NaviBarValidation -->
