<?xml version="1.0" encoding="UTF-8"?>
<!-- Generated by org.testng.reporters.JUnitReportReporter -->
<testsuite hostname="rajkumar-pc" name="academy.HomePage" tests="2" failures="0" timestamp="16 Apr 2018 06:05:31 GMT" time="31.893" errors="0">
  <testcase name="basePageNavigation" time="20.536" classname="academy.HomePage"/>
  <testcase name="basePageNavigation" time="11.357" classname="academy.HomePage"/>
</testsuite> <!-- academy.HomePage -->
